Traceback (most recent call last):
  File "E:\Antigravety\Antigravity\workspace\GitHub App\Z turbo\Z-Image-Turbo\.venv\Lib\site-packages\transformers\utils\import_utils.py", line 2098, in __getattr__
    module = self._get_module(self._class_to_module[name])
  File "E:\Antigravety\Antigravity\workspace\GitHub App\Z turbo\Z-Image-Turbo\.venv\Lib\site-packages\transformers\utils\import_utils.py", line 2288, in _get_module
    raise e
  File "E:\Antigravety\Antigravity\workspace\GitHub App\Z turbo\Z-Image-Turbo\.venv\Lib\site-packages\transformers\utils\import_utils.py", line 2286, in _get_module
    return importlib.import_module("." + module_name, self.__name__)
           ~~~~~~~~~~~~~~~~~~~~~~~^^^^^^^^^^^^^^^^^^^^^^^^^^^^^^^^^^
  File "C:\Python314\Lib\importlib\__init__.py", line 88, in import_module
    return _bootstrap._gcd_import(name[level:], package, level)
           ~~~~~~~~~~~~~~~~~~~~~~^^^^^^^^^^^^^^^^^^^^^^^^^^^^^^
  File "<frozen importlib._bootstrap>", line 1398, in _gcd_import
  File "<frozen importlib._bootstrap>", line 1371, in _find_and_load
  File "<frozen importlib._bootstrap>", line 1342, in _find_and_load_unlocked
  File "<frozen importlib._bootstrap>", line 938, in _load_unlocked
  File "<frozen importlib._bootstrap_external>", line 762, in exec_module
  File "<frozen importlib._bootstrap>", line 491, in _call_with_frames_removed
  File "E:\Antigravety\Antigravity\workspace\GitHub App\Z turbo\Z-Image-Turbo\.venv\Lib\site-packages\transformers\models\auto\image_processing_auto.py", line 24, in <module>
    from ...image_processing_utils import ImageProcessingMixin
  File "E:\Antigravety\Antigravity\workspace\GitHub App\Z turbo\Z-Image-Turbo\.venv\Lib\site-packages\transformers\image_processing_utils.py", line 20, in <module>
    from .image_processing_base import BatchFeature, ImageProcessingMixin
  File "E:\Antigravety\Antigravity\workspace\GitHub App\Z turbo\Z-Image-Turbo\.venv\Lib\site-packages\transformers\image_processing_base.py", line 25, in <module>
    from .image_utils import is_valid_image, load_image
  File "E:\Antigravety\Antigravity\workspace\GitHub App\Z turbo\Z-Image-Turbo\.venv\Lib\site-packages\transformers\image_utils.py", line 53, in <module>
    from torchvision.transforms import InterpolationMode
  File "E:\Antigravety\Antigravity\workspace\GitHub App\Z turbo\Z-Image-Turbo\.venv\Lib\site-packages\torchvision\__init__.py", line 8, in <module>
    from torchvision import _meta_registrations, datasets, io, models, ops, transforms, utils  # usort:skip
    ^^^^^^^^^^^^^^^^^^^^^^^^^^^^^^^^^^^^^^^^^^^^^^^^^^^^^^^^^^^^^^^^^^^^^^^^^^^^^^^^^^^^^^^^^
  File "E:\Antigravety\Antigravity\workspace\GitHub App\Z turbo\Z-Image-Turbo\.venv\Lib\site-packages\torchvision\_meta_registrations.py", line 163, in <module>
    @torch.library.register_fake("torchvision::nms")
     ~~~~~~~~~~~~~~~~~~~~~~~~~~~^^^^^^^^^^^^^^^^^^^^
  File "E:\Antigravety\Antigravity\workspace\GitHub App\Z turbo\Z-Image-Turbo\.venv\Lib\site-packages\torch\library.py", line 1073, in register
    use_lib._register_fake(
    ~~~~~~~~~~~~~~~~~~~~~~^
        op_name, func, _stacklevel=stacklevel + 1, allow_override=allow_override
        ^^^^^^^^^^^^^^^^^^^^^^^^^^^^^^^^^^^^^^^^^^^^^^^^^^^^^^^^^^^^^^^^^^^^^^^^
    )
    ^
  File "E:\Antigravety\Antigravity\workspace\GitHub App\Z turbo\Z-Image-Turbo\.venv\Lib\site-packages\torch\library.py", line 203, in _register_fake
    handle = entry.fake_impl.register(
        func_to_register, source, lib=self, allow_override=allow_override
    )
  File "E:\Antigravety\Antigravity\workspace\GitHub App\Z turbo\Z-Image-Turbo\.venv\Lib\site-packages\torch\_library\fake_impl.py", line 50, in register
    if torch._C._dispatch_has_kernel_for_dispatch_key(self.qualname, "Meta"):
       ~~~~~~~~~~~~~~~~~~~~~~~~~~~~~~~~~~~~~~~~~~~~~~^^^^^^^^^^^^^^^^^^^^^^^
RuntimeError: operator torchvision::nms does not exist

The above exception was the direct cause of the following exception:

Traceback (most recent call last):
  File "E:\Antigravety\Antigravity\workspace\GitHub App\Z turbo\Z-Image-Turbo\.venv\Lib\site-packages\diffusers\utils\import_utils.py", line 1016, in _get_module
    return importlib.import_module("." + module_name, self.__name__)
           ~~~~~~~~~~~~~~~~~~~~~~~^^^^^^^^^^^^^^^^^^^^^^^^^^^^^^^^^^
  File "C:\Python314\Lib\importlib\__init__.py", line 88, in import_module
    return _bootstrap._gcd_import(name[level:], package, level)
           ~~~~~~~~~~~~~~~~~~~~~~^^^^^^^^^^^^^^^^^^^^^^^^^^^^^^
  File "<frozen importlib._bootstrap>", line 1398, in _gcd_import
  File "<frozen importlib._bootstrap>", line 1371, in _find_and_load
  File "<frozen importlib._bootstrap>", line 1342, in _find_and_load_unlocked
  File "<frozen importlib._bootstrap>", line 938, in _load_unlocked
  File "<frozen importlib._bootstrap_external>", line 762, in exec_module
  File "<frozen importlib._bootstrap>", line 491, in _call_with_frames_removed
  File "E:\Antigravety\Antigravity\workspace\GitHub App\Z turbo\Z-Image-Turbo\.venv\Lib\site-packages\diffusers\loaders\single_file_model.py", line 29, in <module>
    from .single_file_utils import (
    ...<29 lines>...
    )
  File "E:\Antigravety\Antigravity\workspace\GitHub App\Z turbo\Z-Image-Turbo\.venv\Lib\site-packages\diffusers\loaders\single_file_utils.py", line 53, in <module>
    from transformers import AutoImageProcessor
  File "E:\Antigravety\Antigravity\workspace\GitHub App\Z turbo\Z-Image-Turbo\.venv\Lib\site-packages\transformers\utils\import_utils.py", line 2182, in __getattr__
    raise ModuleNotFoundError(
        f"Could not import module '{name}'. Are this object's requirements defined correctly?"
    ) from e
ModuleNotFoundError: Could not import module 'AutoImageProcessor'. Are this object's requirements defined correctly?

The above exception was the direct cause of the following exception:

Traceback (most recent call last):
  File "E:\Antigravety\Antigravity\workspace\GitHub App\Z turbo\Z-Image-Turbo\.venv\Lib\site-packages\diffusers\utils\import_utils.py", line 1016, in _get_module
    return importlib.import_module("." + module_name, self.__name__)
           ~~~~~~~~~~~~~~~~~~~~~~~^^^^^^^^^^^^^^^^^^^^^^^^^^^^^^^^^^
  File "C:\Python314\Lib\importlib\__init__.py", line 88, in import_module
    return _bootstrap._gcd_import(name[level:], package, level)
           ~~~~~~~~~~~~~~~~~~~~~~^^^^^^^^^^^^^^^^^^^^^^^^^^^^^^
  File "<frozen importlib._bootstrap>", line 1398, in _gcd_import
  File "<frozen importlib._bootstrap>", line 1371, in _find_and_load
  File "<frozen importlib._bootstrap>", line 1314, in _find_and_load_unlocked
  File "<frozen importlib._bootstrap>", line 491, in _call_with_frames_removed
  File "<frozen importlib._bootstrap>", line 1398, in _gcd_import
  File "<frozen importlib._bootstrap>", line 1371, in _find_and_load
  File "<frozen importlib._bootstrap>", line 1342, in _find_and_load_unlocked
  File "<frozen importlib._bootstrap>", line 938, in _load_unlocked
  File "<frozen importlib._bootstrap_external>", line 762, in exec_module
  File "<frozen importlib._bootstrap>", line 491, in _call_with_frames_removed
  File "E:\Antigravety\Antigravity\workspace\GitHub App\Z turbo\Z-Image-Turbo\.venv\Lib\site-packages\diffusers\models\autoencoders\__init__.py", line 1, in <module>
    from .autoencoder_asym_kl import AsymmetricAutoencoderKL
  File "E:\Antigravety\Antigravity\workspace\GitHub App\Z turbo\Z-Image-Turbo\.venv\Lib\site-packages\diffusers\models\autoencoders\autoencoder_asym_kl.py", line 23, in <module>
    from .vae import AutoencoderMixin, DecoderOutput, DiagonalGaussianDistribution, Encoder, MaskConditionDecoder
  File "E:\Antigravety\Antigravity\workspace\GitHub App\Z turbo\Z-Image-Turbo\.venv\Lib\site-packages\diffusers\models\autoencoders\vae.py", line 25, in <module>
    from ..unets.unet_2d_blocks import (
    ...<4 lines>...
    )
  File "E:\Antigravety\Antigravity\workspace\GitHub App\Z turbo\Z-Image-Turbo\.venv\Lib\site-packages\diffusers\models\unets\__init__.py", line 6, in <module>
    from .unet_2d import UNet2DModel
  File "E:\Antigravety\Antigravity\workspace\GitHub App\Z turbo\Z-Image-Turbo\.venv\Lib\site-packages\diffusers\models\unets\unet_2d.py", line 24, in <module>
    from .unet_2d_blocks import UNetMidBlock2D, get_down_block, get_up_block
  File "E:\Antigravety\Antigravity\workspace\GitHub App\Z turbo\Z-Image-Turbo\.venv\Lib\site-packages\diffusers\models\unets\unet_2d_blocks.py", line 36, in <module>
    from ..transformers.dual_transformer_2d import DualTransformer2DModel
  File "E:\Antigravety\Antigravity\workspace\GitHub App\Z turbo\Z-Image-Turbo\.venv\Lib\site-packages\diffusers\models\transformers\__init__.py", line 5, in <module>
    from .auraflow_transformer_2d import AuraFlowTransformer2DModel
  File "E:\Antigravety\Antigravity\workspace\GitHub App\Z turbo\Z-Image-Turbo\.venv\Lib\site-packages\diffusers\models\transformers\auraflow_transformer_2d.py", line 23, in <module>
    from ...loaders import FromOriginalModelMixin, PeftAdapterMixin
  File "<frozen importlib._bootstrap>", line 1423, in _handle_fromlist
  File "E:\Antigravety\Antigravity\workspace\GitHub App\Z turbo\Z-Image-Turbo\.venv\Lib\site-packages\diffusers\utils\import_utils.py", line 1006, in __getattr__
    module = self._get_module(self._class_to_module[name])
  File "E:\Antigravety\Antigravity\workspace\GitHub App\Z turbo\Z-Image-Turbo\.venv\Lib\site-packages\diffusers\utils\import_utils.py", line 1018, in _get_module
    raise RuntimeError(
    ...<2 lines>...
    ) from e
RuntimeError: Failed to import diffusers.loaders.single_file_model because of the following error (look up to see its traceback):
Could not import module 'AutoImageProcessor'. Are this object's requirements defined correctly?

The above exception was the direct cause of the following exception:

Traceback (most recent call last):
  File "E:\Antigravety\Antigravity\workspace\GitHub App\Z turbo\Z-Image-Turbo\.venv\Lib\site-packages\diffusers\utils\import_utils.py", line 1016, in _get_module
    return importlib.import_module("." + module_name, self.__name__)
           ~~~~~~~~~~~~~~~~~~~~~~~^^^^^^^^^^^^^^^^^^^^^^^^^^^^^^^^^^
  File "C:\Python314\Lib\importlib\__init__.py", line 88, in import_module
    return _bootstrap._gcd_import(name[level:], package, level)
           ~~~~~~~~~~~~~~~~~~~~~~^^^^^^^^^^^^^^^^^^^^^^^^^^^^^^
  File "<frozen importlib._bootstrap>", line 1398, in _gcd_import
  File "<frozen importlib._bootstrap>", line 1371, in _find_and_load
  File "<frozen importlib._bootstrap>", line 1342, in _find_and_load_unlocked
  File "<frozen importlib._bootstrap>", line 938, in _load_unlocked
  File "<frozen importlib._bootstrap_external>", line 762, in exec_module
  File "<frozen importlib._bootstrap>", line 491, in _call_with_frames_removed
  File "E:\Antigravety\Antigravity\workspace\GitHub App\Z turbo\Z-Image-Turbo\.venv\Lib\site-packages\diffusers\pipelines\pipeline_utils.py", line 47, in <module>
    from ..models import AutoencoderKL
  File "<frozen importlib._bootstrap>", line 1423, in _handle_fromlist
  File "E:\Antigravety\Antigravity\workspace\GitHub App\Z turbo\Z-Image-Turbo\.venv\Lib\site-packages\diffusers\utils\import_utils.py", line 1006, in __getattr__
    module = self._get_module(self._class_to_module[name])
  File "E:\Antigravety\Antigravity\workspace\GitHub App\Z turbo\Z-Image-Turbo\.venv\Lib\site-packages\diffusers\utils\import_utils.py", line 1018, in _get_module
    raise RuntimeError(
    ...<2 lines>...
    ) from e
RuntimeError: Failed to import diffusers.models.autoencoders.autoencoder_kl because of the following error (look up to see its traceback):
Failed to import diffusers.loaders.single_file_model because of the following error (look up to see its traceback):
Could not import module 'AutoImageProcessor'. Are this object's requirements defined correctly?

The above exception was the direct cause of the following exception:

Traceback (most recent call last):
  File "E:\Antigravety\Antigravity\workspace\GitHub App\Z turbo\Z-Image-Turbo\app.py", line 2, in <module>
    from diffusers import DiffusionPipeline, BitsAndBytesConfig
  File "<frozen importlib._bootstrap>", line 1423, in _handle_fromlist
  File "E:\Antigravety\Antigravity\workspace\GitHub App\Z turbo\Z-Image-Turbo\.venv\Lib\site-packages\diffusers\utils\import_utils.py", line 1007, in __getattr__
    value = getattr(module, name)
  File "E:\Antigravety\Antigravity\workspace\GitHub App\Z turbo\Z-Image-Turbo\.venv\Lib\site-packages\diffusers\utils\import_utils.py", line 1006, in __getattr__
    module = self._get_module(self._class_to_module[name])
  File "E:\Antigravety\Antigravity\workspace\GitHub App\Z turbo\Z-Image-Turbo\.venv\Lib\site-packages\diffusers\utils\import_utils.py", line 1018, in _get_module
    raise RuntimeError(
    ...<2 lines>...
    ) from e
RuntimeError: Failed to import diffusers.pipelines.pipeline_utils because of the following error (look up to see its traceback):
Failed to import diffusers.models.autoencoders.autoencoder_kl because of the following error (look up to see its traceback):
Failed to import diffusers.loaders.single_file_model because of the following error (look up to see its traceback):
Could not import module 'AutoImageProcessor'. Are this object's requirements defined correctly?
